# JRE version: Java(TM) SE Runtime Environment (8.0_144-b01) (build 1.8.0_144-b01)
# Java VM: Java HotSpot(TM) 64-Bit Server VM (25.144-b01 mixed mode windows-amd64 compressed oops)
Heap:
 garbage-first heap   total 60416K, used 18881K [0x00000000c0000000, 0x00000000c01001d8, 0x0000000100000000)
  region size 1024K, 2 young (2048K), 0 survivors (0K)
 Metaspace       used 37596K, capacity 39730K, committed 40188K, reserved 1085440K
  class space    used 4095K, capacity 4719K, committed 4860K, reserved 1048576K
GC Heap History (10 events):
Event: 2954.896 GC heap before
{Heap before GC invocations=171 (full 163):
 garbage-first heap   total 60416K, used 17857K [0x00000000c0000000, 0x00000000c01001d8, 0x0000000100000000)
  region size 1024K, 1 young (1024K), 0 survivors (0K)
 Metaspace       used 37516K, capacity 39666K, committed 40188K, reserved 1085440K
  class space    used 4083K, capacity 4719K, committed 4860K, reserved 1048576K
Event: 2954.995 GC heap after
Heap after GC invocations=172 (full 164):
 garbage-first heap   total 60416K, used 17857K [0x00000000c0000000, 0x00000000c01001d8, 0x0000000100000000)
  region size 1024K, 0 young (0K), 0 survivors (0K)
 Metaspace       used 37516K, capacity 39666K, committed 40188K, reserved 1085440K
  class space    used 4083K, capacity 4719K, committed 4860K, reserved 1048576K
}
Event: 2965.173 GC heap before
{Heap before GC invocations=172 (full 164):
 garbage-first heap   total 60416K, used 17857K [0x00000000c0000000, 0x00000000c01001d8, 0x0000000100000000)
  region size 1024K, 1 young (1024K), 0 survivors (0K)
 Metaspace       used 37516K, capacity 39666K, committed 40188K, reserved 1085440K
  class space    used 4083K, capacity 4719K, committed 4860K, reserved 1048576K
Event: 2965.272 GC heap after
Heap after GC invocations=173 (full 165):
 garbage-first heap   total 60416K, used 17857K [0x00000000c0000000, 0x00000000c01001d8, 0x0000000100000000)
  region size 1024K, 0 young (0K), 0 survivors (0K)
 Metaspace       used 37516K, capacity 39666K, committed 40188K, reserved 1085440K
  class space    used 4083K, capacity 4719K, committed 4860K, reserved 1048576K
}
Event: 2975.448 GC heap before
{Heap before GC invocations=173 (full 165):
 garbage-first heap   total 60416K, used 17857K [0x00000000c0000000, 0x00000000c01001d8, 0x0000000100000000)
  region size 1024K, 1 young (1024K), 0 survivors (0K)
 Metaspace       used 37516K, capacity 39666K, committed 40188K, reserved 1085440K
  class space    used 4083K, capacity 4719K, committed 4860K, reserved 1048576K
Event: 2975.545 GC heap after
Heap after GC invocations=174 (full 166):
 garbage-first heap   total 60416K, used 17857K [0x00000000c0000000, 0x00000000c01001d8, 0x0000000100000000)
  region size 1024K, 0 young (0K), 0 survivors (0K)
 Metaspace       used 37516K, capacity 39666K, committed 40188K, reserved 1085440K
  class space    used 4083K, capacity 4719K, committed 4860K, reserved 1048576K
}
Event: 2985.755 GC heap before
{Heap before GC invocations=174 (full 166):
 garbage-first heap   total 60416K, used 17857K [0x00000000c0000000, 0x00000000c01001d8, 0x0000000100000000)
  region size 1024K, 1 young (1024K), 0 survivors (0K)
 Metaspace       used 37516K, capacity 39666K, committed 40188K, reserved 1085440K
  class space    used 4083K, capacity 4719K, committed 4860K, reserved 1048576K
Event: 2985.853 GC heap after
Heap after GC invocations=175 (full 167):
 garbage-first heap   total 60416K, used 17857K [0x00000000c0000000, 0x00000000c01001d8, 0x0000000100000000)
  region size 1024K, 0 young (0K), 0 survivors (0K)
 Metaspace       used 37516K, capacity 39666K, committed 40188K, reserved 1085440K
  class space    used 4083K, capacity 4719K, committed 4860K, reserved 1048576K
}
Event: 3038.980 GC heap before
{Heap before GC invocations=175 (full 167):
 garbage-first heap   total 60416K, used 17857K [0x00000000c0000000, 0x00000000c01001d8, 0x0000000100000000)
  region size 1024K, 1 young (1024K), 0 survivors (0K)
 Metaspace       used 37516K, capacity 39666K, committed 40188K, reserved 1085440K
  class space    used 4083K, capacity 4719K, committed 4860K, reserved 1048576K
Event: 3039.157 GC heap after
Heap after GC invocations=176 (full 168):
 garbage-first heap   total 60416K, used 17857K [0x00000000c0000000, 0x00000000c01001d8, 0x0000000100000000)
  region size 1024K, 0 young (0K), 0 survivors (0K)
 Metaspace       used 37516K, capacity 39666K, committed 40188K, reserved 1085440K
  class space    used 4083K, capacity 4719K, committed 4860K, reserved 1048576K
}

