# JRE version: Java(TM) SE Runtime Environment (8.0_144-b01) (build 1.8.0_144-b01)
# Java VM: Java HotSpot(TM) 64-Bit Server VM (25.144-b01 mixed mode windows-amd64 compressed oops)
Heap:
 garbage-first heap   total 545792K, used 155264K [0x00000000c0000000, 0x00000000c01010a8, 0x0000000100000000)
  region size 1024K, 29 young (29696K), 29 survivors (29696K)
 Metaspace       used 40757K, capacity 43042K, committed 43392K, reserved 1087488K
  class space    used 4444K, capacity 5169K, committed 5248K, reserved 1048576K
GC Heap History (10 events):
Event: 52.217 GC heap after
Heap after GC invocations=27 (full 0):
 garbage-first heap   total 131072K, used 98496K [0x00000000c0000000, 0x00000000c0100400, 0x0000000100000000)
  region size 1024K, 3 young (3072K), 3 survivors (3072K)
 Metaspace       used 40738K, capacity 43042K, committed 43392K, reserved 1087488K
  class space    used 4442K, capacity 5169K, committed 5248K, reserved 1048576K
}
Event: 52.321 GC heap before
{Heap before GC invocations=27 (full 0):
 garbage-first heap   total 131072K, used 113856K [0x00000000c0000000, 0x00000000c0100400, 0x0000000100000000)
  region size 1024K, 18 young (18432K), 3 survivors (3072K)
 Metaspace       used 40741K, capacity 43042K, committed 43392K, reserved 1087488K
  class space    used 4444K, capacity 5169K, committed 5248K, reserved 1048576K
Event: 52.334 GC heap after
Heap after GC invocations=28 (full 0):
 garbage-first heap   total 131072K, used 101991K [0x00000000c0000000, 0x00000000c0100400, 0x0000000100000000)
  region size 1024K, 3 young (3072K), 3 survivors (3072K)
 Metaspace       used 40741K, capacity 43042K, committed 43392K, reserved 1087488K
  class space    used 4444K, capacity 5169K, committed 5248K, reserved 1048576K
}
Event: 52.428 GC heap before
{Heap before GC invocations=29 (full 0):
 garbage-first heap   total 131072K, used 113255K [0x00000000c0000000, 0x00000000c0100400, 0x0000000100000000)
  region size 1024K, 14 young (14336K), 3 survivors (3072K)
 Metaspace       used 40741K, capacity 43042K, committed 43392K, reserved 1087488K
  class space    used 4444K, capacity 5169K, committed 5248K, reserved 1048576K
Event: 52.444 GC heap after
Heap after GC invocations=30 (full 0):
 garbage-first heap   total 262144K, used 104414K [0x00000000c0000000, 0x00000000c0100800, 0x0000000100000000)
  region size 1024K, 2 young (2048K), 2 survivors (2048K)
 Metaspace       used 40741K, capacity 43042K, committed 43392K, reserved 1087488K
  class space    used 4444K, capacity 5169K, committed 5248K, reserved 1048576K
}
Event: 52.488 GC heap before
{Heap before GC invocations=30 (full 0):
 garbage-first heap   total 262144K, used 114654K [0x00000000c0000000, 0x00000000c0100800, 0x0000000100000000)
  region size 1024K, 12 young (12288K), 2 survivors (2048K)
 Metaspace       used 40741K, capacity 43042K, committed 43392K, reserved 1087488K
  class space    used 4444K, capacity 5169K, committed 5248K, reserved 1048576K
Event: 52.499 GC heap after
Heap after GC invocations=31 (full 0):
 garbage-first heap   total 262144K, used 105162K [0x00000000c0000000, 0x00000000c0100800, 0x0000000100000000)
  region size 1024K, 2 young (2048K), 2 survivors (2048K)
 Metaspace       used 40741K, capacity 43042K, committed 43392K, reserved 1087488K
  class space    used 4444K, capacity 5169K, committed 5248K, reserved 1048576K
}
Event: 52.984 GC heap before
{Heap before GC invocations=31 (full 0):
 garbage-first heap   total 262144K, used 223306K [0x00000000c0000000, 0x00000000c0100800, 0x0000000100000000)
  region size 1024K, 114 young (116736K), 2 survivors (2048K)
 Metaspace       used 40741K, capacity 43042K, committed 43392K, reserved 1087488K
  class space    used 4444K, capacity 5169K, committed 5248K, reserved 1048576K
Event: 53.021 GC heap after
Heap after GC invocations=32 (full 0):
 garbage-first heap   total 419840K, used 124976K [0x00000000c0000000, 0x00000000c0100cd0, 0x0000000100000000)
  region size 1024K, 15 young (15360K), 15 survivors (15360K)
 Metaspace       used 40741K, capacity 43042K, committed 43392K, reserved 1087488K
  class space    used 4444K, capacity 5169K, committed 5248K, reserved 1048576K
}
Event: 55.127 GC heap before
{Heap before GC invocations=32 (full 0):
 garbage-first heap   total 419840K, used 345168K [0x00000000c0000000, 0x00000000c0100cd0, 0x0000000100000000)
  region size 1024K, 225 young (230400K), 15 survivors (15360K)
 Metaspace       used 40757K, capacity 43042K, committed 43392K, reserved 1087488K
  class space    used 4444K, capacity 5169K, committed 5248K, reserved 1048576K

